
2014-02-21 23:03:10
[WARN]-[Thread: main]-[org.eclipse.jetty.util.component.AbstractLifeCycle.setFailed()]: FAILED jfinal: java.lang.RuntimeException: You must load properties file by invoking loadPropertyFile(String) method in configConstant(Constants) method before.
java.lang.RuntimeException: You must load properties file by invoking loadPropertyFile(String) method in configConstant(Constants) method before.
	at com.jfinal.config.JFinalConfig.checkPropertyLoading(JFinalConfig.java:152)
	at com.jfinal.config.JFinalConfig.getProperty(JFinalConfig.java:109)
	at DDS.config.DDSConfig.configPlugin(DDSConfig.java:31)
	at com.jfinal.core.Config.configJFinal(Config.java:48)
	at com.jfinal.core.JFinal.init(JFinal.java:68)
	at com.jfinal.core.JFinalFilter.init(JFinalFilter.java:49)
	at org.eclipse.jetty.servlet.FilterHolder.doStart(FilterHolder.java:119)
	at org.eclipse.jetty.util.component.AbstractLifeCycle.start(AbstractLifeCycle.java:64)
	at org.eclipse.jetty.servlet.ServletHandler.initialize(ServletHandler.java:724)
	at org.eclipse.jetty.servlet.ServletContextHandler.startContext(ServletContextHandler.java:265)
	at org.eclipse.jetty.webapp.WebAppContext.startContext(WebAppContext.java:1250)
	at org.eclipse.jetty.server.handler.ContextHandler.doStart(ContextHandler.java:706)
	at org.eclipse.jetty.webapp.WebAppContext.doStart(WebAppContext.java:492)
	at org.eclipse.jetty.util.component.AbstractLifeCycle.start(AbstractLifeCycle.java:64)
	at org.eclipse.jetty.server.handler.HandlerWrapper.doStart(HandlerWrapper.java:95)
	at org.eclipse.jetty.server.Server.doStart(Server.java:277)
	at org.eclipse.jetty.util.component.AbstractLifeCycle.start(AbstractLifeCycle.java:64)
	at com.jfinal.server.JettyServer.doStart(JettyServer.java:120)
	at com.jfinal.server.JettyServer.start(JettyServer.java:64)
	at com.jfinal.core.JFinal.start(JFinal.java:165)
	at DDS.config.DDSConfig.main(DDSConfig.java:50)

2014-02-21 23:03:10
[WARN]-[Thread: main]-[org.eclipse.jetty.webapp.WebAppContext.doStart()]: Failed startup of context o.e.j.w.WebAppContext{/,file:/C:/Users/hzhou/git/Abuse-Reporting-System/WebRoot/}
java.lang.RuntimeException: You must load properties file by invoking loadPropertyFile(String) method in configConstant(Constants) method before.
	at com.jfinal.config.JFinalConfig.checkPropertyLoading(JFinalConfig.java:152)
	at com.jfinal.config.JFinalConfig.getProperty(JFinalConfig.java:109)
	at DDS.config.DDSConfig.configPlugin(DDSConfig.java:31)
	at com.jfinal.core.Config.configJFinal(Config.java:48)
	at com.jfinal.core.JFinal.init(JFinal.java:68)
	at com.jfinal.core.JFinalFilter.init(JFinalFilter.java:49)
	at org.eclipse.jetty.servlet.FilterHolder.doStart(FilterHolder.java:119)
	at org.eclipse.jetty.util.component.AbstractLifeCycle.start(AbstractLifeCycle.java:64)
	at org.eclipse.jetty.servlet.ServletHandler.initialize(ServletHandler.java:724)
	at org.eclipse.jetty.servlet.ServletContextHandler.startContext(ServletContextHandler.java:265)
	at org.eclipse.jetty.webapp.WebAppContext.startContext(WebAppContext.java:1250)
	at org.eclipse.jetty.server.handler.ContextHandler.doStart(ContextHandler.java:706)
	at org.eclipse.jetty.webapp.WebAppContext.doStart(WebAppContext.java:492)
	at org.eclipse.jetty.util.component.AbstractLifeCycle.start(AbstractLifeCycle.java:64)
	at org.eclipse.jetty.server.handler.HandlerWrapper.doStart(HandlerWrapper.java:95)
	at org.eclipse.jetty.server.Server.doStart(Server.java:277)
	at org.eclipse.jetty.util.component.AbstractLifeCycle.start(AbstractLifeCycle.java:64)
	at com.jfinal.server.JettyServer.doStart(JettyServer.java:120)
	at com.jfinal.server.JettyServer.start(JettyServer.java:64)
	at com.jfinal.core.JFinal.start(JFinal.java:165)
	at DDS.config.DDSConfig.main(DDSConfig.java:50)

2014-02-21 23:04:00
[WARN]-[Thread: main]-[org.eclipse.jetty.util.component.AbstractLifeCycle.setFailed()]: FAILED jfinal: java.lang.RuntimeException: You must load properties file by invoking loadPropertyFile(String) method in configConstant(Constants) method before.
java.lang.RuntimeException: You must load properties file by invoking loadPropertyFile(String) method in configConstant(Constants) method before.
	at com.jfinal.config.JFinalConfig.checkPropertyLoading(JFinalConfig.java:152)
	at com.jfinal.config.JFinalConfig.getProperty(JFinalConfig.java:109)
	at DDS.config.DDSConfig.configPlugin(DDSConfig.java:31)
	at com.jfinal.core.Config.configJFinal(Config.java:48)
	at com.jfinal.core.JFinal.init(JFinal.java:68)
	at com.jfinal.core.JFinalFilter.init(JFinalFilter.java:49)
	at org.eclipse.jetty.servlet.FilterHolder.doStart(FilterHolder.java:119)
	at org.eclipse.jetty.util.component.AbstractLifeCycle.start(AbstractLifeCycle.java:64)
	at org.eclipse.jetty.servlet.ServletHandler.initialize(ServletHandler.java:724)
	at org.eclipse.jetty.servlet.ServletContextHandler.startContext(ServletContextHandler.java:265)
	at org.eclipse.jetty.webapp.WebAppContext.startContext(WebAppContext.java:1250)
	at org.eclipse.jetty.server.handler.ContextHandler.doStart(ContextHandler.java:706)
	at org.eclipse.jetty.webapp.WebAppContext.doStart(WebAppContext.java:492)
	at org.eclipse.jetty.util.component.AbstractLifeCycle.start(AbstractLifeCycle.java:64)
	at org.eclipse.jetty.server.handler.HandlerWrapper.doStart(HandlerWrapper.java:95)
	at org.eclipse.jetty.server.Server.doStart(Server.java:277)
	at org.eclipse.jetty.util.component.AbstractLifeCycle.start(AbstractLifeCycle.java:64)
	at com.jfinal.server.JettyServer.doStart(JettyServer.java:120)
	at com.jfinal.server.JettyServer.start(JettyServer.java:64)
	at com.jfinal.core.JFinal.start(JFinal.java:165)
	at DDS.config.DDSConfig.main(DDSConfig.java:50)

2014-02-21 23:04:00
[WARN]-[Thread: main]-[org.eclipse.jetty.webapp.WebAppContext.doStart()]: Failed startup of context o.e.j.w.WebAppContext{/,file:/C:/Users/hzhou/git/Abuse-Reporting-System/WebRoot/}
java.lang.RuntimeException: You must load properties file by invoking loadPropertyFile(String) method in configConstant(Constants) method before.
	at com.jfinal.config.JFinalConfig.checkPropertyLoading(JFinalConfig.java:152)
	at com.jfinal.config.JFinalConfig.getProperty(JFinalConfig.java:109)
	at DDS.config.DDSConfig.configPlugin(DDSConfig.java:31)
	at com.jfinal.core.Config.configJFinal(Config.java:48)
	at com.jfinal.core.JFinal.init(JFinal.java:68)
	at com.jfinal.core.JFinalFilter.init(JFinalFilter.java:49)
	at org.eclipse.jetty.servlet.FilterHolder.doStart(FilterHolder.java:119)
	at org.eclipse.jetty.util.component.AbstractLifeCycle.start(AbstractLifeCycle.java:64)
	at org.eclipse.jetty.servlet.ServletHandler.initialize(ServletHandler.java:724)
	at org.eclipse.jetty.servlet.ServletContextHandler.startContext(ServletContextHandler.java:265)
	at org.eclipse.jetty.webapp.WebAppContext.startContext(WebAppContext.java:1250)
	at org.eclipse.jetty.server.handler.ContextHandler.doStart(ContextHandler.java:706)
	at org.eclipse.jetty.webapp.WebAppContext.doStart(WebAppContext.java:492)
	at org.eclipse.jetty.util.component.AbstractLifeCycle.start(AbstractLifeCycle.java:64)
	at org.eclipse.jetty.server.handler.HandlerWrapper.doStart(HandlerWrapper.java:95)
	at org.eclipse.jetty.server.Server.doStart(Server.java:277)
	at org.eclipse.jetty.util.component.AbstractLifeCycle.start(AbstractLifeCycle.java:64)
	at com.jfinal.server.JettyServer.doStart(JettyServer.java:120)
	at com.jfinal.server.JettyServer.start(JettyServer.java:64)
	at com.jfinal.core.JFinal.start(JFinal.java:165)
	at DDS.config.DDSConfig.main(DDSConfig.java:50)

2014-02-21 23:04:34
[WARN]-[Thread: main]-[org.eclipse.jetty.util.component.AbstractLifeCycle.setFailed()]: FAILED jfinal: java.lang.RuntimeException: You must load properties file by invoking loadPropertyFile(String) method in configConstant(Constants) method before.
java.lang.RuntimeException: You must load properties file by invoking loadPropertyFile(String) method in configConstant(Constants) method before.
	at com.jfinal.config.JFinalConfig.checkPropertyLoading(JFinalConfig.java:152)
	at com.jfinal.config.JFinalConfig.getProperty(JFinalConfig.java:109)
	at DDS.config.DDSConfig.configPlugin(DDSConfig.java:31)
	at com.jfinal.core.Config.configJFinal(Config.java:48)
	at com.jfinal.core.JFinal.init(JFinal.java:68)
	at com.jfinal.core.JFinalFilter.init(JFinalFilter.java:49)
	at org.eclipse.jetty.servlet.FilterHolder.doStart(FilterHolder.java:119)
	at org.eclipse.jetty.util.component.AbstractLifeCycle.start(AbstractLifeCycle.java:64)
	at org.eclipse.jetty.servlet.ServletHandler.initialize(ServletHandler.java:724)
	at org.eclipse.jetty.servlet.ServletContextHandler.startContext(ServletContextHandler.java:265)
	at org.eclipse.jetty.webapp.WebAppContext.startContext(WebAppContext.java:1250)
	at org.eclipse.jetty.server.handler.ContextHandler.doStart(ContextHandler.java:706)
	at org.eclipse.jetty.webapp.WebAppContext.doStart(WebAppContext.java:492)
	at org.eclipse.jetty.util.component.AbstractLifeCycle.start(AbstractLifeCycle.java:64)
	at org.eclipse.jetty.server.handler.HandlerWrapper.doStart(HandlerWrapper.java:95)
	at org.eclipse.jetty.server.Server.doStart(Server.java:277)
	at org.eclipse.jetty.util.component.AbstractLifeCycle.start(AbstractLifeCycle.java:64)
	at com.jfinal.server.JettyServer.doStart(JettyServer.java:120)
	at com.jfinal.server.JettyServer.start(JettyServer.java:64)
	at com.jfinal.core.JFinal.main(JFinal.java:179)

2014-02-21 23:04:34
[WARN]-[Thread: main]-[org.eclipse.jetty.webapp.WebAppContext.doStart()]: Failed startup of context o.e.j.w.WebAppContext{/,file:/C:/Users/hzhou/git/Abuse-Reporting-System/WebRoot/}
java.lang.RuntimeException: You must load properties file by invoking loadPropertyFile(String) method in configConstant(Constants) method before.
	at com.jfinal.config.JFinalConfig.checkPropertyLoading(JFinalConfig.java:152)
	at com.jfinal.config.JFinalConfig.getProperty(JFinalConfig.java:109)
	at DDS.config.DDSConfig.configPlugin(DDSConfig.java:31)
	at com.jfinal.core.Config.configJFinal(Config.java:48)
	at com.jfinal.core.JFinal.init(JFinal.java:68)
	at com.jfinal.core.JFinalFilter.init(JFinalFilter.java:49)
	at org.eclipse.jetty.servlet.FilterHolder.doStart(FilterHolder.java:119)
	at org.eclipse.jetty.util.component.AbstractLifeCycle.start(AbstractLifeCycle.java:64)
	at org.eclipse.jetty.servlet.ServletHandler.initialize(ServletHandler.java:724)
	at org.eclipse.jetty.servlet.ServletContextHandler.startContext(ServletContextHandler.java:265)
	at org.eclipse.jetty.webapp.WebAppContext.startContext(WebAppContext.java:1250)
	at org.eclipse.jetty.server.handler.ContextHandler.doStart(ContextHandler.java:706)
	at org.eclipse.jetty.webapp.WebAppContext.doStart(WebAppContext.java:492)
	at org.eclipse.jetty.util.component.AbstractLifeCycle.start(AbstractLifeCycle.java:64)
	at org.eclipse.jetty.server.handler.HandlerWrapper.doStart(HandlerWrapper.java:95)
	at org.eclipse.jetty.server.Server.doStart(Server.java:277)
	at org.eclipse.jetty.util.component.AbstractLifeCycle.start(AbstractLifeCycle.java:64)
	at com.jfinal.server.JettyServer.doStart(JettyServer.java:120)
	at com.jfinal.server.JettyServer.start(JettyServer.java:64)
	at com.jfinal.core.JFinal.main(JFinal.java:179)
